2020-04-08 14:08:30.652 INFO [main] [Stepdefination.RegistrationPageStepDefination] [user_is_academic_page] [Stepdefination.RegistrationPageStepDefination.user_is_academic_page(RegistrationPageStepDefination.java:38)] - academic page launching
2020-04-08 14:08:36.725 INFO [main] [Stepdefination.RegistrationPageStepDefination] [user_clicks_on_registration_link] [Stepdefination.RegistrationPageStepDefination.user_clicks_on_registration_link(RegistrationPageStepDefination.java:49)] - click on register link
2020-04-08 14:08:40.958 INFO [main] [Stepdefination.RegistrationPageStepDefination] [user_enters_and_and] [Stepdefination.RegistrationPageStepDefination.user_enters_and_and(RegistrationPageStepDefination.java:68)] - takes the Screenshot
2020-04-08 14:08:42.720 INFO [main] [Stepdefination.LoginPageStepDefination] [user_close_the_bowser] [Stepdefination.LoginPageStepDefination.user_close_the_bowser(LoginPageStepDefination.java:95)] - close the driver
2020-04-08 14:09:09.215 INFO [main] [Stepdefination.LoginPageStepDefination] [user_is_already_on_Academic_page] [Stepdefination.LoginPageStepDefination.user_is_already_on_Academic_page(LoginPageStepDefination.java:37)] - academic page launching
2020-04-08 14:09:09.240 INFO [main] [Stepdefination.LoginPageStepDefination] [title_of_academic_page_is_Journals_Oxford_Academic_is] [Stepdefination.LoginPageStepDefination.title_of_academic_page_is_Journals_Oxford_Academic_is(LoginPageStepDefination.java:48)] - comares the title with Journals | Oxford Academic Journals | Oxford Academic
2020-04-08 14:09:09.376 INFO [main] [Stepdefination.LoginPageStepDefination] [user_verify_the_oxford_img_logo_is_present_or_not] [Stepdefination.LoginPageStepDefination.user_verify_the_oxford_img_logo_is_present_or_not(LoginPageStepDefination.java:57)] - checks the oxford image
2020-04-08 14:09:17.010 INFO [main] [Stepdefination.LoginPageStepDefination] [user_eneter_into_the_home_page_by_enterring_login_credentials_and_user_enters_into_loginpage] [Stepdefination.LoginPageStepDefination.user_eneter_into_the_home_page_by_enterring_login_credentials_and_user_enters_into_loginpage(LoginPageStepDefination.java:81)] - enters into the home page by using login credentials
2020-04-08 14:09:17.609 INFO [main] [Stepdefination.LoginPageStepDefination] [user_eneter_into_the_home_page_by_enterring_login_credentials_and_user_enters_into_loginpage] [Stepdefination.LoginPageStepDefination.user_eneter_into_the_home_page_by_enterring_login_credentials_and_user_enters_into_loginpage(LoginPageStepDefination.java:84)] - take the screenshot of login page
2020-04-08 14:09:22.333 INFO [main] [Stepdefination.LoginPageStepDefination] [user_close_the_bowser] [Stepdefination.LoginPageStepDefination.user_close_the_bowser(LoginPageStepDefination.java:95)] - close the driver
2020-04-08 14:09:43.471 INFO [main] [Stepdefination.HomepageStepDefination] [user_is_on_home_page] [Stepdefination.HomepageStepDefination.user_is_on_home_page(HomepageStepDefination.java:45)] - Enters into academic page
2020-04-08 14:09:47.039 INFO [main] [Stepdefination.HomepageStepDefination] [user_is_on_home_page] [Stepdefination.HomepageStepDefination.user_is_on_home_page(HomepageStepDefination.java:50)] - Enters into the login page
2020-04-08 14:09:48.007 INFO [main] [Stepdefination.HomepageStepDefination] [user_is_on_homepage] [Stepdefination.HomepageStepDefination.user_is_on_homepage(HomepageStepDefination.java:60)] - compares the title with Journals | Oxford Academic
2020-04-08 14:10:36.576 INFO [main] [Stepdefination.Medicine_healthStepDefination] [user_is_on_academic_page_journal_home] [Stepdefination.Medicine_healthStepDefination.user_is_on_academic_page_journal_home(Medicine_healthStepDefination.java:41)] - Enters into academic page
2020-04-08 14:10:40.252 INFO [main] [Stepdefination.Medicine_healthStepDefination] [user_is_on_academic_page_journal_home] [Stepdefination.Medicine_healthStepDefination.user_is_on_academic_page_journal_home(Medicine_healthStepDefination.java:47)] - Enters into the login page Through login credentials 
2020-04-08 14:10:55.259 INFO [main] [Stepdefination.Medicine_healthStepDefination] [user_is_able_to_click_on_Medicines_health_link] [Stepdefination.Medicine_healthStepDefination.user_is_able_to_click_on_Medicines_health_link(Medicine_healthStepDefination.java:76)] - gets the title
2020-04-08 14:11:40.109 INFO [main] [Stepdefination.Access_purchaseStepDefination] [user_is_on_academic_journal_home_page_by_signing_in] [Stepdefination.Access_purchaseStepDefination.user_is_on_academic_journal_home_page_by_signing_in(Access_purchaseStepDefination.java:38)] - url launch
2020-04-08 14:11:44.008 INFO [main] [Stepdefination.Access_purchaseStepDefination] [user_is_on_academic_journal_home_page_by_signing_in] [Stepdefination.Access_purchaseStepDefination.user_is_on_academic_journal_home_page_by_signing_in(Access_purchaseStepDefination.java:46)] - login into page
2020-04-08 14:12:10.262 INFO [main] [Stepdefination.Access_purchaseStepDefination] [user_is_able_to_click_on_Access_and_purchase_link] [Stepdefination.Access_purchaseStepDefination.user_is_able_to_click_on_Access_and_purchase_link(Access_purchaseStepDefination.java:81)] - gets the titleAccess and Purchase Resource Centre | Journals | Oxford Academic
2020-04-08 14:12:10.263 INFO [main] [Stepdefination.Access_purchaseStepDefination] [user_is_able_to_click_on_Access_and_purchase_link] [Stepdefination.Access_purchaseStepDefination.user_is_able_to_click_on_Access_and_purchase_link(Access_purchaseStepDefination.java:83)] - compares the title
2020-04-08 14:12:15.222 INFO [main] [Stepdefination.LoginPageStepDefination] [user_close_the_bowser] [Stepdefination.LoginPageStepDefination.user_close_the_bowser(LoginPageStepDefination.java:95)] - close the driver
2020-04-08 14:13:17.134 INFO [main] [Stepdefination.Medicine_healthStepDefination] [user_is_on_academic_page_journal_home] [Stepdefination.Medicine_healthStepDefination.user_is_on_academic_page_journal_home(Medicine_healthStepDefination.java:41)] - Enters into academic page
2020-04-08 14:13:20.067 INFO [main] [Stepdefination.Medicine_healthStepDefination] [user_is_on_academic_page_journal_home] [Stepdefination.Medicine_healthStepDefination.user_is_on_academic_page_journal_home(Medicine_healthStepDefination.java:47)] - Enters into the login page Through login credentials 
2020-04-08 14:13:33.350 INFO [main] [Stepdefination.Medicine_healthStepDefination] [user_is_able_to_click_on_Medicines_health_link] [Stepdefination.Medicine_healthStepDefination.user_is_able_to_click_on_Medicines_health_link(Medicine_healthStepDefination.java:76)] - gets the titleMedicine and health | Journals | Oxford Academic
2020-04-08 14:13:38.165 INFO [main] [Stepdefination.LoginPageStepDefination] [user_close_the_bowser] [Stepdefination.LoginPageStepDefination.user_close_the_bowser(LoginPageStepDefination.java:95)] - close the driver
2020-04-08 14:13:59.456 INFO [main] [Stepdefination.HomepageStepDefination] [user_is_on_home_page] [Stepdefination.HomepageStepDefination.user_is_on_home_page(HomepageStepDefination.java:45)] - Enters into academic page
2020-04-08 14:14:02.799 INFO [main] [Stepdefination.HomepageStepDefination] [user_is_on_home_page] [Stepdefination.HomepageStepDefination.user_is_on_home_page(HomepageStepDefination.java:50)] - Enters into the login page
2020-04-08 14:14:04.196 INFO [main] [Stepdefination.HomepageStepDefination] [user_is_on_homepage] [Stepdefination.HomepageStepDefination.user_is_on_homepage(HomepageStepDefination.java:60)] - compares the title with Journals | Oxford Academic
2020-04-08 14:14:16.688 INFO [main] [Stepdefination.HomepageStepDefination] [user_is_able_to_click_on_Arts_humanities_link] [Stepdefination.HomepageStepDefination.user_is_able_to_click_on_Arts_humanities_link(HomepageStepDefination.java:97)] - gets the arts and humanities journal titleArts and humanities | Journals | Oxford Academic
2020-04-08 14:14:16.990 INFO [main] [Stepdefination.HomepageStepDefination] [user_close_the_browser] [Stepdefination.HomepageStepDefination.user_close_the_browser(HomepageStepDefination.java:104)] - close the browser
2020-04-08 14:14:39.663 INFO [main] [Stepdefination.RegistrationPageStepDefination] [user_is_academic_page] [Stepdefination.RegistrationPageStepDefination.user_is_academic_page(RegistrationPageStepDefination.java:38)] - academic page launching
2020-04-08 14:14:43.807 INFO [main] [Stepdefination.RegistrationPageStepDefination] [user_clicks_on_registration_link] [Stepdefination.RegistrationPageStepDefination.user_clicks_on_registration_link(RegistrationPageStepDefination.java:49)] - click on register link
2020-04-08 14:14:46.927 INFO [main] [Stepdefination.RegistrationPageStepDefination] [user_enters_and_and] [Stepdefination.RegistrationPageStepDefination.user_enters_and_and(RegistrationPageStepDefination.java:68)] - takes the Screenshot
2020-04-08 14:14:47.454 INFO [main] [Stepdefination.LoginPageStepDefination] [user_close_the_bowser] [Stepdefination.LoginPageStepDefination.user_close_the_bowser(LoginPageStepDefination.java:95)] - close the driver
2020-04-08 14:15:10.531 INFO [main] [Stepdefination.LoginPageStepDefination] [user_is_already_on_Academic_page] [Stepdefination.LoginPageStepDefination.user_is_already_on_Academic_page(LoginPageStepDefination.java:37)] - academic page launching
2020-04-08 14:15:10.549 INFO [main] [Stepdefination.LoginPageStepDefination] [title_of_academic_page_is_Journals_Oxford_Academic_is] [Stepdefination.LoginPageStepDefination.title_of_academic_page_is_Journals_Oxford_Academic_is(LoginPageStepDefination.java:48)] - comares the title with Journals | Oxford Academic Journals | Oxford Academic
2020-04-08 14:15:10.627 INFO [main] [Stepdefination.LoginPageStepDefination] [user_verify_the_oxford_img_logo_is_present_or_not] [Stepdefination.LoginPageStepDefination.user_verify_the_oxford_img_logo_is_present_or_not(LoginPageStepDefination.java:57)] - checks the oxford image
2020-04-08 14:15:17.944 INFO [main] [Stepdefination.LoginPageStepDefination] [user_eneter_into_the_home_page_by_enterring_login_credentials_and_user_enters_into_loginpage] [Stepdefination.LoginPageStepDefination.user_eneter_into_the_home_page_by_enterring_login_credentials_and_user_enters_into_loginpage(LoginPageStepDefination.java:81)] - enters into the home page by using login credentials
2020-04-08 14:15:18.463 INFO [main] [Stepdefination.LoginPageStepDefination] [user_eneter_into_the_home_page_by_enterring_login_credentials_and_user_enters_into_loginpage] [Stepdefination.LoginPageStepDefination.user_eneter_into_the_home_page_by_enterring_login_credentials_and_user_enters_into_loginpage(LoginPageStepDefination.java:84)] - take the screenshot of login page
2020-04-08 14:15:18.964 INFO [main] [Stepdefination.LoginPageStepDefination] [user_close_the_bowser] [Stepdefination.LoginPageStepDefination.user_close_the_bowser(LoginPageStepDefination.java:95)] - close the driver
2020-04-08 14:15:40.846 INFO [main] [Stepdefination.Access_purchaseStepDefination] [user_is_on_academic_journal_home_page_by_signing_in] [Stepdefination.Access_purchaseStepDefination.user_is_on_academic_journal_home_page_by_signing_in(Access_purchaseStepDefination.java:38)] - url launch
2020-04-08 14:15:43.205 INFO [main] [Stepdefination.Access_purchaseStepDefination] [user_is_on_academic_journal_home_page_by_signing_in] [Stepdefination.Access_purchaseStepDefination.user_is_on_academic_journal_home_page_by_signing_in(Access_purchaseStepDefination.java:46)] - login into page
2020-04-08 14:15:54.811 INFO [main] [Stepdefination.Access_purchaseStepDefination] [user_is_able_to_click_on_Access_and_purchase_link] [Stepdefination.Access_purchaseStepDefination.user_is_able_to_click_on_Access_and_purchase_link(Access_purchaseStepDefination.java:81)] - gets the title
2020-04-08 14:20:33.710 INFO [main] [Stepdefination.Access_purchaseStepDefination] [user_is_on_academic_journal_home_page_by_signing_in] [Stepdefination.Access_purchaseStepDefination.user_is_on_academic_journal_home_page_by_signing_in(Access_purchaseStepDefination.java:38)] - url launch
2020-04-08 14:20:37.325 INFO [main] [Stepdefination.Access_purchaseStepDefination] [user_is_on_academic_journal_home_page_by_signing_in] [Stepdefination.Access_purchaseStepDefination.user_is_on_academic_journal_home_page_by_signing_in(Access_purchaseStepDefination.java:46)] - login into page
2020-04-08 14:20:52.809 INFO [main] [Stepdefination.Access_purchaseStepDefination] [user_is_able_to_click_on_Access_and_purchase_link] [Stepdefination.Access_purchaseStepDefination.user_is_able_to_click_on_Access_and_purchase_link(Access_purchaseStepDefination.java:81)] - gets the titleAccess and Purchase Resource Centre | Journals | Oxford Academic
2020-04-08 14:20:52.817 INFO [main] [Stepdefination.Access_purchaseStepDefination] [user_is_able_to_click_on_Access_and_purchase_link] [Stepdefination.Access_purchaseStepDefination.user_is_able_to_click_on_Access_and_purchase_link(Access_purchaseStepDefination.java:83)] - compares the title
2020-04-08 14:20:57.786 INFO [main] [Stepdefination.LoginPageStepDefination] [user_close_the_bowser] [Stepdefination.LoginPageStepDefination.user_close_the_bowser(LoginPageStepDefination.java:95)] - close the driver
2020-04-08 14:21:18.252 INFO [main] [Stepdefination.RegistrationPageStepDefination] [user_is_academic_page] [Stepdefination.RegistrationPageStepDefination.user_is_academic_page(RegistrationPageStepDefination.java:38)] - academic page launching
2020-04-08 14:21:23.197 INFO [main] [Stepdefination.RegistrationPageStepDefination] [user_clicks_on_registration_link] [Stepdefination.RegistrationPageStepDefination.user_clicks_on_registration_link(RegistrationPageStepDefination.java:49)] - click on register link
2020-04-08 14:21:25.891 INFO [main] [Stepdefination.RegistrationPageStepDefination] [user_enters_and_and] [Stepdefination.RegistrationPageStepDefination.user_enters_and_and(RegistrationPageStepDefination.java:68)] - takes the Screenshot
2020-04-08 14:21:30.187 INFO [main] [Stepdefination.LoginPageStepDefination] [user_close_the_bowser] [Stepdefination.LoginPageStepDefination.user_close_the_bowser(LoginPageStepDefination.java:95)] - close the driver
2020-04-08 14:21:54.980 INFO [main] [Stepdefination.LoginPageStepDefination] [user_is_already_on_Academic_page] [Stepdefination.LoginPageStepDefination.user_is_already_on_Academic_page(LoginPageStepDefination.java:37)] - academic page launching
2020-04-08 14:21:54.993 INFO [main] [Stepdefination.LoginPageStepDefination] [title_of_academic_page_is_Journals_Oxford_Academic_is] [Stepdefination.LoginPageStepDefination.title_of_academic_page_is_Journals_Oxford_Academic_is(LoginPageStepDefination.java:48)] - comares the title with Journals | Oxford Academic Journals | Oxford Academic
2020-04-08 14:21:55.109 INFO [main] [Stepdefination.LoginPageStepDefination] [user_verify_the_oxford_img_logo_is_present_or_not] [Stepdefination.LoginPageStepDefination.user_verify_the_oxford_img_logo_is_present_or_not(LoginPageStepDefination.java:57)] - checks the oxford image
2020-04-08 14:22:04.114 INFO [main] [Stepdefination.LoginPageStepDefination] [user_eneter_into_the_home_page_by_enterring_login_credentials_and_user_enters_into_loginpage] [Stepdefination.LoginPageStepDefination.user_eneter_into_the_home_page_by_enterring_login_credentials_and_user_enters_into_loginpage(LoginPageStepDefination.java:81)] - enters into the home page by using login credentials
2020-04-08 14:22:04.671 INFO [main] [Stepdefination.LoginPageStepDefination] [user_eneter_into_the_home_page_by_enterring_login_credentials_and_user_enters_into_loginpage] [Stepdefination.LoginPageStepDefination.user_eneter_into_the_home_page_by_enterring_login_credentials_and_user_enters_into_loginpage(LoginPageStepDefination.java:84)] - take the screenshot of login page
2020-04-08 14:22:08.859 INFO [main] [Stepdefination.LoginPageStepDefination] [user_close_the_bowser] [Stepdefination.LoginPageStepDefination.user_close_the_bowser(LoginPageStepDefination.java:95)] - close the driver
2020-04-08 14:22:32.299 INFO [main] [Stepdefination.HomepageStepDefination] [user_is_on_home_page] [Stepdefination.HomepageStepDefination.user_is_on_home_page(HomepageStepDefination.java:45)] - Enters into academic page
2020-04-08 14:22:34.828 INFO [main] [Stepdefination.HomepageStepDefination] [user_is_on_home_page] [Stepdefination.HomepageStepDefination.user_is_on_home_page(HomepageStepDefination.java:50)] - Enters into the login page
2020-04-08 14:22:35.816 INFO [main] [Stepdefination.HomepageStepDefination] [user_is_on_homepage] [Stepdefination.HomepageStepDefination.user_is_on_homepage(HomepageStepDefination.java:60)] - compares the title with Journals | Oxford Academic
2020-04-08 14:22:44.356 INFO [main] [Stepdefination.HomepageStepDefination] [user_is_able_to_click_on_Arts_humanities_link] [Stepdefination.HomepageStepDefination.user_is_able_to_click_on_Arts_humanities_link(HomepageStepDefination.java:97)] - gets the arts and humanities journal titleArts and humanities | Journals | Oxford Academic
2020-04-08 14:22:44.754 INFO [main] [Stepdefination.HomepageStepDefination] [user_close_the_browser] [Stepdefination.HomepageStepDefination.user_close_the_browser(HomepageStepDefination.java:104)] - close the browser
2020-04-08 14:23:06.286 INFO [main] [Stepdefination.Medicine_healthStepDefination] [user_is_on_academic_page_journal_home] [Stepdefination.Medicine_healthStepDefination.user_is_on_academic_page_journal_home(Medicine_healthStepDefination.java:41)] - Enters into academic page
2020-04-08 14:23:09.905 INFO [main] [Stepdefination.Medicine_healthStepDefination] [user_is_on_academic_page_journal_home] [Stepdefination.Medicine_healthStepDefination.user_is_on_academic_page_journal_home(Medicine_healthStepDefination.java:47)] - Enters into the login page Through login credentials 
2020-04-08 14:23:25.879 INFO [main] [Stepdefination.Medicine_healthStepDefination] [user_is_able_to_click_on_Medicines_health_link] [Stepdefination.Medicine_healthStepDefination.user_is_able_to_click_on_Medicines_health_link(Medicine_healthStepDefination.java:76)] - gets the titleMedicine and health | Journals | Oxford Academic
2020-04-08 14:23:30.759 INFO [main] [Stepdefination.LoginPageStepDefination] [user_close_the_bowser] [Stepdefination.LoginPageStepDefination.user_close_the_bowser(LoginPageStepDefination.java:95)] - close the driver
